

================================================================
== Vivado HLS Report for 'dut'
================================================================
* Date:           Tue Sep 27 22:39:15 2022

* Version:        2019.2.1 (Build 2724168 on Thu Dec 05 05:19:09 MST 2019)
* Project:        digitrec.prj
* Solution:       solution1
* Product family: zynq
* Target device:  xc7z020-clg484-1


================================================================
== Performance Estimates
================================================================
+ Timing: 
    * Summary: 
    +--------+----------+----------+------------+
    |  Clock |  Target  | Estimated| Uncertainty|
    +--------+----------+----------+------------+
    |ap_clk  | 10.00 ns | 6.900 ns |   1.25 ns  |
    +--------+----------+----------+------------+

+ Latency: 
    * Summary: 
    +---------+---------+----------+----------+--------+--------+---------+
    |  Latency (cycles) |  Latency (absolute) |     Interval    | Pipeline|
    |   min   |   max   |    min   |    max   |   min  |   max  |   Type  |
    +---------+---------+----------+----------+--------+--------+---------+
    |   102735|   102735| 1.027 ms | 1.027 ms |  102735|  102735|   none  |
    +---------+---------+----------+----------+--------+--------+---------+

    + Detail: 
        * Instance: 
        N/A

        * Loop: 
        N/A

============================================================
+ Verbose Summary: Synthesis Manager
============================================================
InlineROM: 1
ExposeGlobal: 0
============================================================
+ Verbose Summary: CDFG Model
============================================================
IsTopModel: 1
ResetActiveHigh: 1
IsCombinational: 0
IsDatapathOnly: 0
HasWiredReturn: 1
HasMFsm: 0
HasVarLatency: 1
IsPipeline: 0
IsRtlPipelined: 0
IsInstanceOverlapped: 0
IsDontTouch: 0
HasImplIP: 0
IsGatedGlobalClock: 0


============================================================
+ Verbose Summary: Schedule
============================================================
* Number of FSM states : 3
* Pipeline : 0
* Dataflow Pipeline: 0

* FSM state transitions: 
1 --> 2 
2 --> 3 
3 --> 

* FSM state operations: 

State 1 <SV = 0> <Delay = 3.63>
ST_1 : Operation 4 [1/1] (3.63ns)   --->   "%tmp_V = call i32 @_ssdm_op_Read.ap_fifo.volatile.i32P(i32* %strm_in_V_V)" [digitrec.cpp:24]   --->   Operation 4 'read' 'tmp_V' <Predicate = true> <Delay = 3.63> <Core = "FIFO">   --->   Core 32 'FIFO' <Latency = 0> <II = 1> <Delay = 3.63> <Storage> <Opcode : 'read' 'write' 'nbread' 'nbwrite'> <Ports = 0> <Width = 32> <Depth = 0> <FIFO>

State 2 <SV = 1> <Delay = 3.63>
ST_2 : Operation 5 [1/1] (3.63ns)   --->   "%tmp_V_1 = call i32 @_ssdm_op_Read.ap_fifo.volatile.i32P(i32* %strm_in_V_V)" [digitrec.cpp:25]   --->   Operation 5 'read' 'tmp_V_1' <Predicate = true> <Delay = 3.63> <Core = "FIFO">   --->   Core 32 'FIFO' <Latency = 0> <II = 1> <Delay = 3.63> <Storage> <Opcode : 'read' 'write' 'nbread' 'nbwrite'> <Ports = 0> <Width = 32> <Depth = 0> <FIFO>
ST_2 : Operation 6 [1/1] (0.00ns)   --->   "%trunc_ln215 = trunc i32 %tmp_V_1 to i17" [digitrec.cpp:30]   --->   Operation 6 'trunc' 'trunc_ln215' <Predicate = true> <Delay = 0.00>
ST_2 : Operation 7 [1/1] (0.00ns)   --->   "%p_Result_s = call i49 @_ssdm_op_BitConcatenate.i49.i17.i32(i17 %trunc_ln215, i32 %tmp_V)" [digitrec.cpp:30]   --->   Operation 7 'bitconcatenate' 'p_Result_s' <Predicate = true> <Delay = 0.00>
ST_2 : Operation 8 [2/2] (0.00ns)   --->   "%op_V_assign = call fastcc i4 @digitrec(i49 %p_Result_s)" [digitrec.cpp:35]   --->   Operation 8 'call' 'op_V_assign' <Predicate = true> <Delay = 0.00> <CoreType = "Generic">   --->   Core 0 '' <Latency = 0> <II = 1> <Delay = 1.00> <Generic> <Opcode : >

State 3 <SV = 2> <Delay = 3.63>
ST_3 : Operation 9 [1/1] (0.00ns)   --->   "%empty = call i32 (...)* @_ssdm_op_SpecInterface(i32* %strm_out_V_V, [8 x i8]* @ap_fifo_str, i32 0, i32 0, [1 x i8]* @p_str, i32 0, i32 0, [1 x i8]* @p_str, [1 x i8]* @p_str, [1 x i8]* @p_str, i32 2, i32 2, i32 16, i32 16, [1 x i8]* @p_str, [1 x i8]* @p_str)"   --->   Operation 9 'specinterface' 'empty' <Predicate = true> <Delay = 0.00>
ST_3 : Operation 10 [1/1] (0.00ns)   --->   "%empty_5 = call i32 (...)* @_ssdm_op_SpecInterface(i32* %strm_in_V_V, [8 x i8]* @ap_fifo_str, i32 0, i32 0, [1 x i8]* @p_str, i32 0, i32 0, [1 x i8]* @p_str, [1 x i8]* @p_str, [1 x i8]* @p_str, i32 2, i32 2, i32 16, i32 16, [1 x i8]* @p_str, [1 x i8]* @p_str)"   --->   Operation 10 'specinterface' 'empty_5' <Predicate = true> <Delay = 0.00>
ST_3 : Operation 11 [1/1] (0.00ns)   --->   "call void (...)* @_ssdm_op_SpecBitsMap(i32* %strm_in_V_V), !map !87"   --->   Operation 11 'specbitsmap' <Predicate = true> <Delay = 0.00>
ST_3 : Operation 12 [1/1] (0.00ns)   --->   "call void (...)* @_ssdm_op_SpecBitsMap(i32* %strm_out_V_V), !map !91"   --->   Operation 12 'specbitsmap' <Predicate = true> <Delay = 0.00>
ST_3 : Operation 13 [1/1] (0.00ns)   --->   "call void (...)* @_ssdm_op_SpecTopModule([4 x i8]* @dut_str) nounwind"   --->   Operation 13 'spectopmodule' <Predicate = true> <Delay = 0.00>
ST_3 : Operation 14 [1/2] (0.00ns)   --->   "%op_V_assign = call fastcc i4 @digitrec(i49 %p_Result_s)" [digitrec.cpp:35]   --->   Operation 14 'call' 'op_V_assign' <Predicate = true> <Delay = 0.00> <CoreType = "Generic">   --->   Core 0 '' <Latency = 0> <II = 1> <Delay = 1.00> <Generic> <Opcode : >
ST_3 : Operation 15 [1/1] (0.00ns)   --->   "%output_V = zext i4 %op_V_assign to i32" [digitrec.cpp:35]   --->   Operation 15 'zext' 'output_V' <Predicate = true> <Delay = 0.00>
ST_3 : Operation 16 [1/1] (3.63ns)   --->   "call void @_ssdm_op_Write.ap_fifo.volatile.i32P(i32* %strm_out_V_V, i32 %output_V)" [digitrec.cpp:41]   --->   Operation 16 'write' <Predicate = true> <Delay = 3.63> <Core = "FIFO">   --->   Core 32 'FIFO' <Latency = 0> <II = 1> <Delay = 3.63> <Storage> <Opcode : 'read' 'write' 'nbread' 'nbwrite'> <Ports = 0> <Width = 32> <Depth = 0> <FIFO>
ST_3 : Operation 17 [1/1] (0.00ns)   --->   "ret void" [digitrec.cpp:42]   --->   Operation 17 'ret' <Predicate = true> <Delay = 0.00>


============================================================
+ Verbose Summary: Timing violations
============================================================
Target clock period: 10ns, clock uncertainty: 1.25ns.

 <State 1>: 3.63ns
The critical path consists of the following:
	fifo read on port 'strm_in_V_V' (digitrec.cpp:24) [28]  (3.63 ns)

 <State 2>: 3.63ns
The critical path consists of the following:
	fifo read on port 'strm_in_V_V' (digitrec.cpp:25) [29]  (3.63 ns)

 <State 3>: 3.63ns
The critical path consists of the following:
	'call' operation ('op_V_assign', digitrec.cpp:35) to 'digitrec' [32]  (0 ns)
	fifo write on port 'strm_out_V_V' (digitrec.cpp:41) [34]  (3.63 ns)


============================================================
+ Verbose Summary: Binding
============================================================
N/A
* FSMD analyzer results:
  - Output states:
 - Input state : 
  - Chain level:
	State 1
	State 2
	State 3


============================================================
+ Verbose Summary: Datapath Resource usage 
============================================================
N/A
