

================================================================
== Vivado HLS Report for 'digitrec'
================================================================
* Date:           Tue Sep 27 22:39:17 2022

* Version:        2019.2.1 (Build 2724168 on Thu Dec 05 05:19:09 MST 2019)
* Project:        digitrec.prj
* Solution:       solution1
* Product family: zynq
* Target device:  xc7z020-clg484-1


================================================================
== Performance Estimates
================================================================
+ Timing: 
    * Summary: 
    +--------+----------+----------+------------+
    |  Clock |  Target  | Estimated| Uncertainty|
    +--------+----------+----------+------------+
    |ap_clk  | 10.00 ns | 6.900 ns |   1.25 ns  |
    +--------+----------+----------+------------+

+ Latency: 
    * Summary: 
    +---------+---------+----------+----------+--------+--------+---------+
    |  Latency (cycles) |  Latency (absolute) |     Interval    | Pipeline|
    |   min   |   max   |    min   |    max   |   min  |   max  |   Type  |
    +---------+---------+----------+----------+--------+--------+---------+
    |   102733|   102733| 1.027 ms | 1.027 ms |  102733|  102733|   none  |
    +---------+---------+----------+----------+--------+--------+---------+

    + Detail: 
        * Instance: 
        +-----------------------+------------+---------+---------+----------+----------+-----+-----+---------+
        |                       |            |  Latency (cycles) |  Latency (absolute) |  Interval | Pipeline|
        |        Instance       |   Module   |   min   |   max   |    min   |    max   | min | max |   Type  |
        +-----------------------+------------+---------+---------+----------+----------+-----+-----+---------+
        |grp_update_knn_fu_743  |update_knn  |       54|       54| 0.540 us | 0.540 us |   54|   54|   none  |
        |grp_update_knn_fu_755  |update_knn  |       54|       54| 0.540 us | 0.540 us |   54|   54|   none  |
        |grp_update_knn_fu_767  |update_knn  |       54|       54| 0.540 us | 0.540 us |   54|   54|   none  |
        |grp_update_knn_fu_779  |update_knn  |       54|       54| 0.540 us | 0.540 us |   54|   54|   none  |
        |grp_update_knn_fu_791  |update_knn  |       54|       54| 0.540 us | 0.540 us |   54|   54|   none  |
        |grp_update_knn_fu_803  |update_knn  |       54|       54| 0.540 us | 0.540 us |   54|   54|   none  |
        |grp_update_knn_fu_815  |update_knn  |       54|       54| 0.540 us | 0.540 us |   54|   54|   none  |
        |grp_update_knn_fu_828  |update_knn  |       54|       54| 0.540 us | 0.540 us |   54|   54|   none  |
        |grp_update_knn_fu_840  |update_knn  |       54|       54| 0.540 us | 0.540 us |   54|   54|   none  |
        |grp_update_knn_fu_852  |update_knn  |       54|       54| 0.540 us | 0.540 us |   54|   54|   none  |
        +-----------------------+------------+---------+---------+----------+----------+-----+-----+---------+

        * Loop: 
        +----------------------+---------+---------+----------+-----------+-----------+------+----------+
        |                      |  Latency (cycles) | Iteration|  Initiation Interval  | Trip |          |
        |       Loop Name      |   min   |   max   |  Latency |  achieved |   target  | Count| Pipelined|
        +----------------------+---------+---------+----------+-----------+-----------+------+----------+
        |- Loop 1              |       80|       80|         8|          -|          -|    10|    no    |
        | + Loop 1.1           |        6|        6|         2|          -|          -|     3|    no    |
        |- L1800               |   102600|   102600|        57|          -|          -|  1800|    no    |
        |- DIGIT_LOOP          |       50|       50|         5|          -|          -|    10|    no    |
        | + DISTANCE_SUM_LOOP  |        3|        3|         1|          -|          -|     3|    no    |
        +----------------------+---------+---------+----------+-----------+-----------+------+----------+



================================================================
== Utilization Estimates
================================================================
* Summary: 
+-----------------+---------+-------+--------+-------+-----+
|       Name      | BRAM_18K| DSP48E|   FF   |  LUT  | URAM|
+-----------------+---------+-------+--------+-------+-----+
|DSP              |        -|      -|       -|      -|    -|
|Expression       |        -|      -|       0|    235|    -|
|FIFO             |        -|      -|       -|      -|    -|
|Instance         |        -|      -|     900|  11757|    -|
|Memory           |       56|      -|       0|      0|    -|
|Multiplexer      |        -|      -|       -|    398|    -|
|Register         |        -|      -|     961|      -|    -|
+-----------------+---------+-------+--------+-------+-----+
|Total            |       56|      0|    1861|  12390|    0|
+-----------------+---------+-------+--------+-------+-----+
|Available        |      280|    220|  106400|  53200|    0|
+-----------------+---------+-------+--------+-------+-----+
|Utilization (%)  |       20|      0|       1|     23|    0|
+-----------------+---------+-------+--------+-------+-----+

+ Detail: 
    * Instance: 
    +------------------------+--------------------+---------+-------+----+-----+-----+
    |        Instance        |       Module       | BRAM_18K| DSP48E| FF | LUT | URAM|
    +------------------------+--------------------+---------+-------+----+-----+-----+
    |dut_mux_305_6_1_1_U42   |dut_mux_305_6_1_1   |        0|      0|   0|  137|    0|
    |dut_mux_42_6_1_1_x_U12  |dut_mux_42_6_1_1_x  |        0|      0|   0|  137|    0|
    |dut_mux_42_6_1_1_x_U13  |dut_mux_42_6_1_1_x  |        0|      0|   0|  137|    0|
    |dut_mux_42_6_1_1_x_U14  |dut_mux_42_6_1_1_x  |        0|      0|   0|  137|    0|
    |dut_mux_42_6_1_1_x_U15  |dut_mux_42_6_1_1_x  |        0|      0|   0|  137|    0|
    |dut_mux_42_6_1_1_x_U16  |dut_mux_42_6_1_1_x  |        0|      0|   0|  137|    0|
    |dut_mux_42_6_1_1_x_U17  |dut_mux_42_6_1_1_x  |        0|      0|   0|  137|    0|
    |dut_mux_42_6_1_1_x_U18  |dut_mux_42_6_1_1_x  |        0|      0|   0|  137|    0|
    |dut_mux_42_6_1_1_x_U19  |dut_mux_42_6_1_1_x  |        0|      0|   0|  137|    0|
    |dut_mux_42_6_1_1_x_U20  |dut_mux_42_6_1_1_x  |        0|      0|   0|  137|    0|
    |dut_mux_42_6_1_1_x_U21  |dut_mux_42_6_1_1_x  |        0|      0|   0|  137|    0|
    |dut_mux_42_6_1_1_x_U22  |dut_mux_42_6_1_1_x  |        0|      0|   0|  137|    0|
    |dut_mux_42_6_1_1_x_U23  |dut_mux_42_6_1_1_x  |        0|      0|   0|  137|    0|
    |dut_mux_42_6_1_1_x_U24  |dut_mux_42_6_1_1_x  |        0|      0|   0|  137|    0|
    |dut_mux_42_6_1_1_x_U25  |dut_mux_42_6_1_1_x  |        0|      0|   0|  137|    0|
    |dut_mux_42_6_1_1_x_U26  |dut_mux_42_6_1_1_x  |        0|      0|   0|  137|    0|
    |dut_mux_42_6_1_1_x_U27  |dut_mux_42_6_1_1_x  |        0|      0|   0|  137|    0|
    |dut_mux_42_6_1_1_x_U28  |dut_mux_42_6_1_1_x  |        0|      0|   0|  137|    0|
    |dut_mux_42_6_1_1_x_U29  |dut_mux_42_6_1_1_x  |        0|      0|   0|  137|    0|
    |dut_mux_42_6_1_1_x_U30  |dut_mux_42_6_1_1_x  |        0|      0|   0|  137|    0|
    |dut_mux_42_6_1_1_x_U31  |dut_mux_42_6_1_1_x  |        0|      0|   0|  137|    0|
    |dut_mux_42_6_1_1_x_U32  |dut_mux_42_6_1_1_x  |        0|      0|   0|  137|    0|
    |dut_mux_42_6_1_1_x_U33  |dut_mux_42_6_1_1_x  |        0|      0|   0|  137|    0|
    |dut_mux_42_6_1_1_x_U34  |dut_mux_42_6_1_1_x  |        0|      0|   0|  137|    0|
    |dut_mux_42_6_1_1_x_U35  |dut_mux_42_6_1_1_x  |        0|      0|   0|  137|    0|
    |dut_mux_42_6_1_1_x_U36  |dut_mux_42_6_1_1_x  |        0|      0|   0|  137|    0|
    |dut_mux_42_6_1_1_x_U37  |dut_mux_42_6_1_1_x  |        0|      0|   0|  137|    0|
    |dut_mux_42_6_1_1_x_U38  |dut_mux_42_6_1_1_x  |        0|      0|   0|  137|    0|
    |dut_mux_42_6_1_1_x_U39  |dut_mux_42_6_1_1_x  |        0|      0|   0|  137|    0|
    |dut_mux_42_6_1_1_x_U40  |dut_mux_42_6_1_1_x  |        0|      0|   0|  137|    0|
    |dut_mux_42_6_1_1_x_U41  |dut_mux_42_6_1_1_x  |        0|      0|   0|  137|    0|
    |grp_update_knn_fu_743   |update_knn          |        0|      0|  90|  751|    0|
    |grp_update_knn_fu_755   |update_knn          |        0|      0|  90|  751|    0|
    |grp_update_knn_fu_767   |update_knn          |        0|      0|  90|  751|    0|
    |grp_update_knn_fu_779   |update_knn          |        0|      0|  90|  751|    0|
    |grp_update_knn_fu_791   |update_knn          |        0|      0|  90|  751|    0|
    |grp_update_knn_fu_803   |update_knn          |        0|      0|  90|  751|    0|
    |grp_update_knn_fu_815   |update_knn          |        0|      0|  90|  751|    0|
    |grp_update_knn_fu_828   |update_knn          |        0|      0|  90|  751|    0|
    |grp_update_knn_fu_840   |update_knn          |        0|      0|  90|  751|    0|
    |grp_update_knn_fu_852   |update_knn          |        0|      0|  90|  751|    0|
    +------------------------+--------------------+---------+-------+----+-----+-----+
    |Total                   |                    |        0|      0| 900|11757|    0|
    +------------------------+--------------------+---------+-------+----+-----+-----+

    * DSP48E: 
    N/A

    * Memory: 
    +---------------------+----------------------+---------+---+----+-----+------+-----+------+-------------+
    |        Memory       |        Module        | BRAM_18K| FF| LUT| URAM| Words| Bits| Banks| W*Bits*Banks|
    +---------------------+----------------------+---------+---+----+-----+------+-----+------+-------------+
    |training_data_V_0_U  |digitrec_trainingbkb  |        6|  0|   0|    0|  1800|   46|     1|        82800|
    |training_data_V_1_U  |digitrec_trainingcud  |        6|  0|   0|    0|  1800|   46|     1|        82800|
    |training_data_V_2_U  |digitrec_trainingdEe  |        6|  0|   0|    0|  1800|   47|     1|        84600|
    |training_data_V_3_U  |digitrec_trainingeOg  |        6|  0|   0|    0|  1800|   47|     1|        84600|
    |training_data_V_4_U  |digitrec_trainingfYi  |        6|  0|   0|    0|  1800|   46|     1|        82800|
    |training_data_V_5_U  |digitrec_trainingg8j  |        5|  0|   0|    0|  1800|   45|     1|        81000|
    |training_data_V_6_U  |digitrec_traininghbi  |        6|  0|   0|    0|  1800|   48|     1|        86400|
    |training_data_V_7_U  |digitrec_trainingibs  |        5|  0|   0|    0|  1800|   42|     1|        75600|
    |training_data_V_8_U  |digitrec_trainingjbC  |        5|  0|   0|    0|  1800|   45|     1|        81000|
    |training_data_V_9_U  |digitrec_trainingkbM  |        5|  0|   0|    0|  1800|   41|     1|        73800|
    +---------------------+----------------------+---------+---+----+-----+------+-----+------+-------------+
    |Total                |                      |       56|  0|   0|    0| 18000|  453|    10|       815400|
    +---------------------+----------------------+---------+---+----+-----+------+-----+------+-------------+

    * FIFO: 
    N/A

    * Expression: 
    +---------------------------------+----------+-------+---+----+------------+------------+
    |          Variable Name          | Operation| DSP48E| FF| LUT| Bitwidth P0| Bitwidth P1|
    +---------------------------------+----------+-------+---+----+------------+------------+
    |distance_sum_fu_1872_p2          |     +    |      0|  0|  15|           8|           8|
    |i_2_fu_1554_p2                   |     +    |      0|  0|  13|          11|           1|
    |i_3_fu_1749_p2                   |     +    |      0|  0|  13|           4|           1|
    |i_fu_960_p2                      |     +    |      0|  0|  13|           4|           1|
    |j_fu_1787_p2                     |     +    |      0|  0|  10|           2|           1|
    |k_fu_972_p2                      |     +    |      0|  0|  10|           2|           1|
    |tmp_fu_1802_p31                  |     +    |      0|  0|  15|           5|           5|
    |sub_ln544_fu_1771_p2             |     -    |      0|  0|  15|           5|           5|
    |icmp_ln139_fu_1743_p2            |   icmp   |      0|  0|   9|           4|           4|
    |icmp_ln148_fu_1781_p2            |   icmp   |      0|  0|   8|           2|           2|
    |icmp_ln154_fu_1882_p2            |   icmp   |      0|  0|  18|          32|          32|
    |icmp_ln58_fu_954_p2              |   icmp   |      0|  0|   9|           4|           4|
    |icmp_ln59_fu_966_p2              |   icmp   |      0|  0|   8|           2|           2|
    |icmp_ln63_fu_1548_p2             |   icmp   |      0|  0|  13|          11|           9|
    |ap_block_state7_on_subcall_done  |    or    |      0|  0|   2|           1|           1|
    |select_ln154_1_fu_1895_p3        |  select  |      0|  0|  32|           1|          32|
    |select_ln154_fu_1888_p3          |  select  |      0|  0|  32|           1|          32|
    +---------------------------------+----------+-------+---+----+------------+------------+
    |Total                            |          |      0|  0| 235|          99|         141|
    +---------------------------------+----------+-------+---+----+------------+------------+

    * Multiplexer: 
    +-------------------------+----+-----------+-----+-----------+
    |           Name          | LUT| Input Size| Bits| Total Bits|
    +-------------------------+----+-----------+-----+-----------+
    |ap_NS_fsm                |  47|         10|    1|         10|
    |ap_return                |   9|          2|    4|          8|
    |i4_0_reg_675             |   9|          2|   11|         22|
    |i_0_reg_352              |   9|          2|    4|          8|
    |j_0_i_reg_732            |   9|          2|    2|          4|
    |k_0_reg_364              |   9|          2|    2|          4|
    |knn_set_0_0_V_3_reg_665  |   9|          2|    6|         12|
    |knn_set_0_1_V_3_reg_655  |   9|          2|    6|         12|
    |knn_set_0_2_V_3_reg_645  |   9|          2|    6|         12|
    |knn_set_1_0_V_3_reg_635  |   9|          2|    6|         12|
    |knn_set_1_1_V_3_reg_625  |   9|          2|    6|         12|
    |knn_set_1_2_V_3_reg_615  |   9|          2|    6|         12|
    |knn_set_2_0_V_3_reg_605  |   9|          2|    6|         12|
    |knn_set_2_1_V_3_reg_595  |   9|          2|    6|         12|
    |knn_set_2_2_V_3_reg_585  |   9|          2|    6|         12|
    |knn_set_3_0_V_3_reg_575  |   9|          2|    6|         12|
    |knn_set_3_1_V_3_reg_565  |   9|          2|    6|         12|
    |knn_set_3_2_V_3_reg_555  |   9|          2|    6|         12|
    |knn_set_4_0_V_3_reg_545  |   9|          2|    6|         12|
    |knn_set_4_1_V_3_reg_535  |   9|          2|    6|         12|
    |knn_set_4_2_V_3_reg_525  |   9|          2|    6|         12|
    |knn_set_5_0_V_3_reg_515  |   9|          2|    6|         12|
    |knn_set_5_1_V_3_reg_505  |   9|          2|    6|         12|
    |knn_set_5_2_V_3_reg_495  |   9|          2|    6|         12|
    |knn_set_6_0_V_3_reg_485  |   9|          2|    6|         12|
    |knn_set_6_1_V_3_reg_475  |   9|          2|    6|         12|
    |knn_set_6_2_V_3_reg_465  |   9|          2|    6|         12|
    |knn_set_7_0_V_3_reg_455  |   9|          2|    6|         12|
    |knn_set_7_1_V_3_reg_445  |   9|          2|    6|         12|
    |knn_set_7_2_V_3_reg_435  |   9|          2|    6|         12|
    |knn_set_8_0_V_3_reg_425  |   9|          2|    6|         12|
    |knn_set_8_1_V_3_reg_415  |   9|          2|    6|         12|
    |knn_set_8_2_V_3_reg_405  |   9|          2|    6|         12|
    |knn_set_9_0_V_3_reg_395  |   9|          2|    6|         12|
    |knn_set_9_1_V_3_reg_385  |   9|          2|    6|         12|
    |knn_set_9_2_V_3_reg_375  |   9|          2|    6|         12|
    |min_sum_0_i_reg_698      |   9|          2|   32|         64|
    |min_sum_reg_721          |   9|          2|    8|         16|
    |result_reg_710           |   9|          2|    4|          8|
    |val_assign_reg_686       |   9|          2|   32|         64|
    +-------------------------+----+-----------+-----+-----------+
    |Total                    | 398|         88|  280|        568|
    +-------------------------+----+-----------+-----+-----------+

    * Register: 
    +------------------------------------+----+----+-----+-----------+
    |                Name                | FF | LUT| Bits| Const Bits|
    +------------------------------------+----+----+-----+-----------+
    |ap_CS_fsm                           |   9|   0|    9|          0|
    |ap_return_preg                      |   4|   0|    4|          0|
    |grp_update_knn_fu_743_ap_start_reg  |   1|   0|    1|          0|
    |grp_update_knn_fu_755_ap_start_reg  |   1|   0|    1|          0|
    |grp_update_knn_fu_767_ap_start_reg  |   1|   0|    1|          0|
    |grp_update_knn_fu_779_ap_start_reg  |   1|   0|    1|          0|
    |grp_update_knn_fu_791_ap_start_reg  |   1|   0|    1|          0|
    |grp_update_knn_fu_803_ap_start_reg  |   1|   0|    1|          0|
    |grp_update_knn_fu_815_ap_start_reg  |   1|   0|    1|          0|
    |grp_update_knn_fu_828_ap_start_reg  |   1|   0|    1|          0|
    |grp_update_knn_fu_840_ap_start_reg  |   1|   0|    1|          0|
    |grp_update_knn_fu_852_ap_start_reg  |   1|   0|    1|          0|
    |i4_0_reg_675                        |  11|   0|   11|          0|
    |i_0_reg_352                         |   4|   0|    4|          0|
    |i_2_reg_2266                        |  11|   0|   11|          0|
    |i_3_reg_2529                        |   4|   0|    4|          0|
    |i_reg_2250                          |   4|   0|    4|          0|
    |j_0_i_reg_732                       |   2|   0|    2|          0|
    |k_0_reg_364                         |   2|   0|    2|          0|
    |k_reg_2258                          |   2|   0|    2|          0|
    |knn_set_0_0_V_0_fu_96               |   6|   0|    6|          0|
    |knn_set_0_0_V_3_reg_665             |   6|   0|    6|          0|
    |knn_set_0_1_V_0_fu_100              |   6|   0|    6|          0|
    |knn_set_0_1_V_3_reg_655             |   6|   0|    6|          0|
    |knn_set_0_2_V_0_fu_104              |   6|   0|    6|          0|
    |knn_set_0_2_V_3_reg_645             |   6|   0|    6|          0|
    |knn_set_1_0_V_0_fu_108              |   6|   0|    6|          0|
    |knn_set_1_0_V_3_reg_635             |   6|   0|    6|          0|
    |knn_set_1_1_V_0_fu_112              |   6|   0|    6|          0|
    |knn_set_1_1_V_3_reg_625             |   6|   0|    6|          0|
    |knn_set_1_2_V_0_fu_116              |   6|   0|    6|          0|
    |knn_set_1_2_V_3_reg_615             |   6|   0|    6|          0|
    |knn_set_2_0_V_0_fu_120              |   6|   0|    6|          0|
    |knn_set_2_0_V_3_reg_605             |   6|   0|    6|          0|
    |knn_set_2_1_V_0_fu_124              |   6|   0|    6|          0|
    |knn_set_2_1_V_3_reg_595             |   6|   0|    6|          0|
    |knn_set_2_2_V_0_fu_128              |   6|   0|    6|          0|
    |knn_set_2_2_V_3_reg_585             |   6|   0|    6|          0|
    |knn_set_3_0_V_0_fu_132              |   6|   0|    6|          0|
    |knn_set_3_0_V_3_reg_575             |   6|   0|    6|          0|
    |knn_set_3_1_V_0_fu_136              |   6|   0|    6|          0|
    |knn_set_3_1_V_3_reg_565             |   6|   0|    6|          0|
    |knn_set_3_2_V_0_fu_140              |   6|   0|    6|          0|
    |knn_set_3_2_V_3_reg_555             |   6|   0|    6|          0|
    |knn_set_4_0_V_0_fu_144              |   6|   0|    6|          0|
    |knn_set_4_0_V_3_reg_545             |   6|   0|    6|          0|
    |knn_set_4_1_V_0_fu_148              |   6|   0|    6|          0|
    |knn_set_4_1_V_3_reg_535             |   6|   0|    6|          0|
    |knn_set_4_2_V_0_fu_152              |   6|   0|    6|          0|
    |knn_set_4_2_V_3_reg_525             |   6|   0|    6|          0|
    |knn_set_5_0_V_0_fu_156              |   6|   0|    6|          0|
    |knn_set_5_0_V_3_reg_515             |   6|   0|    6|          0|
    |knn_set_5_1_V_0_fu_160              |   6|   0|    6|          0|
    |knn_set_5_1_V_3_reg_505             |   6|   0|    6|          0|
    |knn_set_5_2_V_0_fu_164              |   6|   0|    6|          0|
    |knn_set_5_2_V_3_reg_495             |   6|   0|    6|          0|
    |knn_set_6_0_V_0_fu_168              |   6|   0|    6|          0|
    |knn_set_6_0_V_3_reg_485             |   6|   0|    6|          0|
    |knn_set_6_1_V_0_fu_172              |   6|   0|    6|          0|
    |knn_set_6_1_V_3_reg_475             |   6|   0|    6|          0|
    |knn_set_6_2_V_0_fu_176              |   6|   0|    6|          0|
    |knn_set_6_2_V_3_reg_465             |   6|   0|    6|          0|
    |knn_set_7_0_V_0_fu_180              |   6|   0|    6|          0|
    |knn_set_7_0_V_3_reg_455             |   6|   0|    6|          0|
    |knn_set_7_1_V_0_fu_184              |   6|   0|    6|          0|
    |knn_set_7_1_V_3_reg_445             |   6|   0|    6|          0|
    |knn_set_7_2_V_0_fu_188              |   6|   0|    6|          0|
    |knn_set_7_2_V_3_reg_435             |   6|   0|    6|          0|
    |knn_set_8_0_V_0_fu_192              |   6|   0|    6|          0|
    |knn_set_8_0_V_3_reg_425             |   6|   0|    6|          0|
    |knn_set_8_1_V_0_fu_196              |   6|   0|    6|          0|
    |knn_set_8_1_V_3_reg_415             |   6|   0|    6|          0|
    |knn_set_8_2_V_0_fu_200              |   6|   0|    6|          0|
    |knn_set_8_2_V_3_reg_405             |   6|   0|    6|          0|
    |knn_set_9_0_V_0_fu_204              |   6|   0|    6|          0|
    |knn_set_9_0_V_3_reg_395             |   6|   0|    6|          0|
    |knn_set_9_1_V_0_fu_208              |   6|   0|    6|          0|
    |knn_set_9_1_V_3_reg_385             |   6|   0|    6|          0|
    |knn_set_9_2_V_0_fu_212              |   6|   0|    6|          0|
    |knn_set_9_2_V_3_reg_375             |   6|   0|    6|          0|
    |min_sum_0_i_reg_698                 |  32|   0|   32|          0|
    |min_sum_reg_721                     |   8|   0|    8|          0|
    |result_reg_710                      |   4|   0|    4|          0|
    |sub_ln544_reg_2534                  |   5|   0|    5|          0|
    |training_data_V_6_lo_reg_2351       |  48|   0|   48|          0|
    |val_assign_reg_686                  |  32|   0|   32|          0|
    |zext_ln156_reg_2521                 |   4|   0|   32|         28|
    |zext_ln68_1_reg_2326                |  46|   0|   48|          2|
    |zext_ln68_2_reg_2331                |  47|   0|   48|          1|
    |zext_ln68_3_reg_2336                |  47|   0|   48|          1|
    |zext_ln68_4_reg_2341                |  46|   0|   48|          2|
    |zext_ln68_5_reg_2346                |  45|   0|   48|          3|
    |zext_ln68_6_reg_2356                |  42|   0|   48|          6|
    |zext_ln68_7_reg_2361                |  45|   0|   48|          3|
    |zext_ln68_8_reg_2366                |  41|   0|   48|          7|
    |zext_ln68_reg_2321                  |  46|   0|   48|          2|
    +------------------------------------+----+----+-----+-----------+
    |Total                               | 961|   0| 1016|         55|
    +------------------------------------+----+----+-----+-----------+



================================================================
== Interface
================================================================
* Summary: 
+-----------+-----+-----+------------+--------------+--------------+
| RTL Ports | Dir | Bits|  Protocol  | Source Object|    C Type    |
+-----------+-----+-----+------------+--------------+--------------+
|ap_clk     |  in |    1| ap_ctrl_hs |   digitrec   | return value |
|ap_rst     |  in |    1| ap_ctrl_hs |   digitrec   | return value |
|ap_start   |  in |    1| ap_ctrl_hs |   digitrec   | return value |
|ap_done    | out |    1| ap_ctrl_hs |   digitrec   | return value |
|ap_idle    | out |    1| ap_ctrl_hs |   digitrec   | return value |
|ap_ready   | out |    1| ap_ctrl_hs |   digitrec   | return value |
|ap_return  | out |    4| ap_ctrl_hs |   digitrec   | return value |
|input_V    |  in |   49|   ap_none  |    input_V   |    scalar    |
+-----------+-----+-----+------------+--------------+--------------+

